#
# A fatal error has been detected by the Java Runtime Environment:
#
#  Internal Error (0xc0020001), pid=11176, tid=12880
#
# JRE version: Java(TM) SE Runtime Environment (8.0_31-b13) (build 1.8.0_31-b13)
# Java VM: Java HotSpot(TM) Client VM (25.31-b07 mixed mode windows-x86 )
# Problematic frame:
# C  [KERNELBASE.dll+0xc42d]
#
# Failed to write core dump. Minidumps are not enabled by default on client versions of Windows
#
# If you would like to submit a bug report, please visit:
#   http://bugreport.java.com/bugreport/crash.jsp
# The crash happened outside the Java Virtual Machine in native code.
# See problematic frame for where to report the bug.
#

---------------  T H R E A D  ---------------

Current thread (0x0ff51c00):  JavaThread "Thread-1" daemon [_thread_in_native, id=12880, stack(0x09c20000,0x09d20000)]

siginfo: ExceptionCode=0xc0020001, ExceptionInformation=0x8007042b 

Registers:
EAX=0x09d1e89c, EBX=0x224b0d48, ECX=0x00000001, EDX=0x00000000
ESP=0x09d1e89c, EBP=0x09d1e8ec, ESI=0x06f68338, EDI=0x0ff51c00
EIP=0x7580c42d, EFLAGS=0x00000206

Top of Stack: (sp=0x09d1e89c)
0x09d1e89c:   c0020001 00000001 00000000 7580c42d
0x09d1e8ac:   00000001 8007042b 64d03851 224c6f5e
0x09d1e8bc:   224c6f5e 0ff51c00 00000000 224c4548
0x09d1e8cc:   0ff51c00 09d1e8fc 64d52156 0ff51c00
0x09d1e8dc:   64d52232 0ff2fc58 0ff51c00 224c7080
0x09d1e8ec:   09d1e908 68c3e923 c0020001 00000001
0x09d1e8fc:   00000001 09d1e904 8007042b 09d1e918
0x09d1e90c:   68bcda24 8007042b 224b0d40 09d1e938 

Instructions: (pc=0x7580c42d)
0x7580c40d:   02 50 ff 75 14 8d 45 c4 50 e8 57 ad 02 00 83 c4
0x7580c41d:   0c eb 03 89 45 c0 8d 45 b0 50 ff 15 5c 11 80 75
0x7580c42d:   c9 c2 10 00 cc cc cc cc cc 8b ff 55 8b ec 56 8b
0x7580c43d:   75 08 83 fe f4 72 18 83 fe f6 77 13 8d 45 08 50 


Register to memory mapping:

EAX=0x09d1e89c is pointing into the stack for thread: 0x0ff51c00
EBX={method} {0x224b0d4c} 'setProgress' '(II)V' in 'flash/tools/debugger/__IProgress'
ECX=0x00000001 is an unknown value
EDX=0x00000000 is an unknown value
ESP=0x09d1e89c is pointing into the stack for thread: 0x0ff51c00
EBP=0x09d1e8ec is pointing into the stack for thread: 0x0ff51c00
ESI=0x06f68338 is an unknown value
EDI=0x0ff51c00 is a thread


Stack: [0x09c20000,0x09d20000],  sp=0x09d1e89c,  free space=1018k
Native frames: (J=compiled Java code, j=interpreted, Vv=VM code, C=native code)
C  [KERNELBASE.dll+0xc42d]
C  [mscorwks.dll+0x24e923]
C  [mscorwks.dll+0x1dda24]
C  [mscorwks.dll+0x1e6d]
j  flash.tools.debugger.__IProgress.setProgress(II)V+0
j  flash.tools.debugger.concrete.PlayerSessionManager.accept(Lflash/tools/debugger/concrete/ProcessListener;Lflash/tools/debugger/IProgress;)Lflash/tools/debugger/Session;+96
j  flash.tools.debugger.concrete.PlayerSessionManager.accept(Lflash/tools/debugger/IProgress;)Lflash/tools/debugger/Session;+3
v  ~StubRoutines::call_stub
V  [jvm.dll+0x1473e5]
V  [jvm.dll+0x20d57e]
V  [jvm.dll+0x14747e]
V  [jvm.dll+0xd0e67]
V  [jvm.dll+0xd29cc]
C  [mscorwks.dll+0x1d19]
C  0x04d8042b
C  0x04f2be9f
C  0x077b3702
C  0x077b1f72
C  0x077b1e25
C  [System.ni.dll+0x4a0e2d]
C  [System.ni.dll+0x4a0b8e]
C  [mscorwks.dll+0x1b4c]
C  [mscorwks.dll+0x189ec]
C  [mscorwks.dll+0x300843]
C  [mscorwks.dll+0x300cda]
C  [mscorlib.ni.dll+0x1b95c3]
C  [mscorlib.ni.dll+0x7b6be6]
C  [mscorlib.ni.dll+0x7b6ba8]
C  [mscorlib.ni.dll+0x20a713]
C  [mscorlib.ni.dll+0x20a5a9]
C  [mscorwks.dll+0x1b4c]
C  [mscorwks.dll+0x189ec]
C  [mscorwks.dll+0x18fdb]
C  [mscorwks.dll+0x1901c]
C  [mscorwks.dll+0x19089]
C  [mscorwks.dll+0xfe011]
C  [mscorwks.dll+0x2a0df]
C  [mscorwks.dll+0x2a07b]
C  [mscorwks.dll+0x29fa1]
C  [mscorwks.dll+0x2a12d]
C  [mscorwks.dll+0x49c90]
C  [mscorwks.dll+0xfdca6]
C  [mscorwks.dll+0x4992a]
C  [mscorwks.dll+0x96508]
C  [KERNEL32.dll+0x1338a]
C  [ntdll.dll+0x39f72]
C  [ntdll.dll+0x39f45]
C